<?xml version="1.0" encoding="UTF-8"?>
<robot generator="Robot 6.0 (Python 3.11.0 on win32)" generated="20221025 11:59:39.674" rpa="false" schemaversion="3">
<suite id="s1" name="Teste" source="C:\Users\Marco\.vscode\teste\Teste.robot">
<test id="s1-t1" name="Cenário 1: Acessando o site do Robot" line="13">
<kw name="Abrir Site">
<kw name="Open Browser" library="SeleniumLibrary">
<arg>https://robotframework.org/</arg>
<arg>chrome</arg>
<doc>Opens a new browser instance to the optional ``url``.</doc>
<msg timestamp="20221025 11:59:39.802" level="INFO">Opening browser 'chrome' to base url 'https://robotframework.org/'.</msg>
<status status="PASS" starttime="20221025 11:59:39.802" endtime="20221025 11:59:45.507"/>
</kw>
<status status="PASS" starttime="20221025 11:59:39.802" endtime="20221025 11:59:45.507"/>
</kw>
<status status="PASS" starttime="20221025 11:59:39.802" endtime="20221025 11:59:45.508"/>
</test>
<status status="PASS" starttime="20221025 11:59:39.675" endtime="20221025 11:59:45.509"/>
</suite>
<statistics>
<total>
<stat pass="1" fail="0" skip="0">All Tests</stat>
</total>
<tag>
</tag>
<suite>
<stat pass="1" fail="0" skip="0" id="s1" name="Teste">Teste</stat>
</suite>
</statistics>
<errors>
</errors>
</robot>
